ende
ende
ende
ende
node/12437547724 could be updated from file
cache for node/12437547724 is outdated
{
  "type": "Feature",
  "id": "node/12437547724",
  "properties": {
    "type": "node",
    "id": "12437547724",
    "tags": {
      "circumference": "0.06",
      "height": "2.35",
      "leaf_cycle": "deciduous",
      "leaf_type": "broadleaved",
      "natural": "tree",
      "note": "data: January 2025",
      "propagation": "planted",
      "species": "Sorbus domestica",
      "species:de": "Speierling"
    },
    "relations": [],
    "meta": {
      "timestamp": "2025-01-10T13:29:36Z",
      "version": "3",
      "changeset": "161205641",
      "user": "martindick56",
      "uid": "2814669"
    },
    "nominatim": {
      "address": {
        "village": "Ettingen",
        "county": "Bezirk Arlesheim",
        "state": "Basel-Landschaft",
        "ISO3166-2-lvl4": "CH-BL",
        "postcode": "4107",
        "country": "Schweiz/Suisse/Svizzera/Svizra",
        "country_code": "ch"
      },
      "display_name": "Ettingen, Bezirk Arlesheim, Basel-Landschaft, 4107, Schweiz/Suisse/Svizzera/Svizra"
    },
    "pictures_url_prefix": "https://speierling.arglos.ch/node/12437547724/",
    "pictures": [
      "Ettingen-Stapfleraebe01-01.jpg",
      "Ettingen-Stapfleraebe01-02.jpg",
      "Ettingen-Stapfleraebe01-03.jpg"
    ],
    "project": {
      "Node": 12437547724,
      "Check": "nein",
      "Kanton": "BL",
      "PLZ": 4107,
      "Ort": "Ettingen",
      "Gebiet": "Stapfleraebe01",
      "Vermehrungstyp": "planted",
      "Herkunft": "",
      "Pflanzjahr": "",
      "Lat-WGS84": 47.4768,
      "Lon-WGS84": 7.5341,
      "CHY-LV95": 2607197,
      "CHX-LV95": 1258492,
      "BHU": "",
      "BHD": "",
      "Datum": "Dezember 2024",
      "Hauptinfo": "Steiner Roland",
      "SEBA": "",
      "Erhaltungs-Plantage_Biel_Nr": "",
      "DNA_Probe": "",
      "Fruechte": "",
      "Verluste_Erklaerung": "",
      "Reiser": "",
      "Bemerkung": "",
      "line": 538
    }
  },
  "geometry": {
    "type": "Point",
    "coordinates": [
      7.5341,
      47.4768,
      722.6651000976562
    ]
  }
}


{
  "type": "Feature",
  "id": "node/12437547724",
  "properties": {
    "history": [
      {
        "type": "node",
        "id": 12437547724,
        "lat": 47.4768,
        "lon": 7.5341,
        "timestamp": "2024-12-20T20:30:12Z",
        "version": 1,
        "changeset": 160448723,
        "user": "martindick56",
        "uid": 2814669,
        "tags": {
          "leaf_cycle": "deciduous",
          "leaf_type": "broadleaved",
          "natural": "tree",
          "note": "data: December 2024",
          "species": "Sorbus domestica",
          "species:de": "Speierling"
        }
      },
      {
        "type": "node",
        "id": 12437547724,
        "lat": 47.4768,
        "lon": 7.5341,
        "timestamp": "2024-12-27T21:31:04Z",
        "version": 2,
        "changeset": 160693474,
        "user": "martindick56",
        "uid": 2814669,
        "tags": {
          "leaf_cycle": "deciduous",
          "leaf_type": "broadleaved",
          "natural": "tree",
          "note": "data: December 2024",
          "propagation": "planted",
          "species": "Sorbus domestica",
          "species:de": "Speierling"
        }
      }
    ]
  },
  "index": 1820
}


get node/12437547724from osm
node/12437577382 could be updated from file
cache for node/12437577382 is outdated
{
  "type": "Feature",
  "id": "node/12437577382",
  "properties": {
    "type": "node",
    "id": "12437577382",
    "tags": {
      "circumference": "0.28",
      "leaf_cycle": "deciduous",
      "leaf_type": "broadleaved",
      "natural": "tree",
      "note": "data: January 2025",
      "propagation": "planted",
      "species": "Sorbus domestica",
      "species:de": "Speierling"
    },
    "relations": [],
    "meta": {
      "timestamp": "2025-01-10T14:02:55Z",
      "version": "3",
      "changeset": "161206830",
      "user": "martindick56",
      "uid": "2814669"
    },
    "nominatim": {
      "address": {
        "village": "Ettingen",
        "county": "Bezirk Arlesheim",
        "state": "Basel-Landschaft",
        "ISO3166-2-lvl4": "CH-BL",
        "postcode": "4107",
        "country": "Schweiz/Suisse/Svizzera/Svizra",
        "country_code": "ch"
      },
      "display_name": "Ettingen, Bezirk Arlesheim, Basel-Landschaft, 4107, Schweiz/Suisse/Svizzera/Svizra"
    },
    "pictures_url_prefix": "https://speierling.arglos.ch/node/12437577382/",
    "pictures": [
      "Ettingen-Stapfleraebe02-01.jpg",
      "Ettingen-Stapfleraebe02-02.jpg"
    ],
    "project": {
      "Node": 12437577382,
      "Check": "nein",
      "Kanton": "BL",
      "PLZ": 4107,
      "Ort": "Ettingen",
      "Gebiet": "Stapfleraebe02",
      "Vermehrungstyp": "planted",
      "Herkunft": "",
      "Pflanzjahr": "",
      "Lat-WGS84": 47.47754,
      "Lon-WGS84": 7.53224,
      "CHY-LV95": 2607057,
      "CHX-LV95": 1258534,
      "BHU": "",
      "BHD": "",
      "Datum": "Dezember 2024",
      "Hauptinfo": "Steiner Roland",
      "SEBA": "",
      "Erhaltungs-Plantage_Biel_Nr": "",
      "DNA_Probe": "",
      "Fruechte": "",
      "Verluste_Erklaerung": "",
      "Reiser": "",
      "Bemerkung": "",
      "line": 539
    }
  },
  "geometry": {
    "type": "Point",
    "coordinates": [
      7.5322201,
      47.4774299,
      722.355224609375
    ]
  }
}


{
  "type": "Feature",
  "id": "node/12437577382",
  "properties": {
    "history": [
      {
        "type": "node",
        "id": 12437577382,
        "lat": 47.47754,
        "lon": 7.53224,
        "timestamp": "2024-12-20T20:34:53Z",
        "version": 1,
        "changeset": 160448830,
        "user": "martindick56",
        "uid": 2814669,
        "tags": {
          "leaf_cycle": "deciduous",
          "leaf_type": "broadleaved",
          "natural": "tree",
          "note": "data: December 2024",
          "species": "Sorbus domestica",
          "species:de": "Speierling"
        }
      },
      {
        "type": "node",
        "id": 12437577382,
        "lat": 47.47754,
        "lon": 7.53224,
        "timestamp": "2024-12-27T21:31:04Z",
        "version": 2,
        "changeset": 160693474,
        "user": "martindick56",
        "uid": 2814669,
        "tags": {
          "leaf_cycle": "deciduous",
          "leaf_type": "broadleaved",
          "natural": "tree",
          "note": "data: December 2024",
          "propagation": "planted",
          "species": "Sorbus domestica",
          "species:de": "Speierling"
        }
      }
    ]
  },
  "index": 1822
}


get node/12437577382from osm
cache for node/12437579122 is outdated
{
  "type": "Feature",
  "id": "node/12437579122",
  "properties": {
    "type": "node",
    "id": "12437579122",
    "tags": {
      "circumference": "0.03",
      "height": "1.00",
      "leaf_cycle": "deciduous",
      "leaf_type": "broadleaved",
      "natural": "tree",
      "note": "data: January 2025",
      "propagation": "planted",
      "species": "Sorbus domestica",
      "species:de": "Speierling"
    },
    "relations": [],
    "meta": {
      "timestamp": "2025-01-10T15:14:32Z",
      "version": "5",
      "changeset": "161209454",
      "user": "martindick56",
      "uid": "2814669"
    },
    "nominatim": {
      "address": {
        "village": "Ettingen",
        "county": "Bezirk Arlesheim",
        "state": "Basel-Landschaft",
        "ISO3166-2-lvl4": "CH-BL",
        "postcode": "4107",
        "country": "Schweiz/Suisse/Svizzera/Svizra",
        "country_code": "ch"
      },
      "display_name": "Ettingen, Bezirk Arlesheim, Basel-Landschaft, 4107, Schweiz/Suisse/Svizzera/Svizra"
    },
    "pictures_url_prefix": "https://speierling.arglos.ch/node/12437579122/",
    "pictures": [
      "Ettingen-Stapfleraebe03-01.jpg",
      "Ettingen-Stapfleraebe03-02.jpg",
      "Ettingen-Stapfleraebe03-03.jpg",
      "Ettingen-Stapfleraebe04-01.jpg"
    ],
    "project": {
      "Node": 12437579122,
      "Check": "nein",
      "Kanton": "BL",
      "PLZ": 4107,
      "Ort": "Ettingen",
      "Gebiet": "Stapfleraebe04",
      "Vermehrungstyp": "planted",
      "Herkunft": "",
      "Pflanzjahr": "",
      "Lat-WGS84": 47.47745,
      "Lon-WGS84": 7.53061,
      "CHY-LV95": 2606934,
      "CHX-LV95": 1258524,
      "BHU": "",
      "BHD": "",
      "Datum": "Dezember 2024",
      "Hauptinfo": "Steiner Roland",
      "SEBA": "",
      "Erhaltungs-Plantage_Biel_Nr": "",
      "DNA_Probe": "",
      "Fruechte": "",
      "Verluste_Erklaerung": "",
      "Reiser": "",
      "Bemerkung": "",
      "line": 541
    }
  },
  "geometry": {
    "type": "Point",
    "coordinates": [
      7.5306001,
      47.4774699,
      722.0936889648438
    ]
  }
}


{
  "type": "Feature",
  "id": "node/12437579122",
  "properties": {
    "history": [
      {
        "type": "node",
        "id": 12437579122,
        "lat": 47.47745,
        "lon": 7.53061,
        "timestamp": "2024-12-20T20:41:10Z",
        "version": 1,
        "changeset": 160449006,
        "user": "martindick56",
        "uid": 2814669,
        "tags": {
          "leaf_cycle": "deciduous",
          "leaf_type": "broadleaved",
          "natural": "tree",
          "note": "data: December 2024",
          "species": "Sorbus domestica",
          "species:de": "Speierling"
        }
      },
      {
        "type": "node",
        "id": 12437579122,
        "lat": 47.47745,
        "lon": 7.53061,
        "timestamp": "2024-12-27T21:31:04Z",
        "version": 2,
        "changeset": 160693474,
        "user": "martindick56",
        "uid": 2814669,
        "tags": {
          "leaf_cycle": "deciduous",
          "leaf_type": "broadleaved",
          "natural": "tree",
          "note": "data: December 2024",
          "propagation": "planted",
          "species": "Sorbus domestica",
          "species:de": "Speierling"
        }
      }
    ]
  },
  "index": 1823
}


get node/12437579122from osm
node/12437587369 could be updated from file
cache for node/12437587369 is outdated
{
  "type": "Feature",
  "id": "node/12437587369",
  "properties": {
    "type": "node",
    "id": "12437587369",
    "tags": {
      "height": "1.1",
      "leaf_cycle": "deciduous",
      "leaf_type": "broadleaved",
      "natural": "tree",
      "note": "data: January 2025",
      "propagation": "planted",
      "species": "Sorbus domestica",
      "species:de": "Speierling"
    },
    "relations": [],
    "meta": {
      "timestamp": "2025-01-10T15:54:45Z",
      "version": "3",
      "changeset": "161211026",
      "user": "martindick56",
      "uid": "2814669"
    },
    "nominatim": {
      "address": {
        "village": "Ettingen",
        "county": "Bezirk Arlesheim",
        "state": "Basel-Landschaft",
        "ISO3166-2-lvl4": "CH-BL",
        "postcode": "4107",
        "country": "Schweiz/Suisse/Svizzera/Svizra",
        "country_code": "ch"
      },
      "display_name": "Ettingen, Bezirk Arlesheim, Basel-Landschaft, 4107, Schweiz/Suisse/Svizzera/Svizra"
    },
    "pictures_url_prefix": "https://speierling.arglos.ch/node/12437587369/",
    "pictures": [
      "Ettingen-Stapfleraebe06-01.jpg",
      "Ettingen-Stapfleraebe06-02.jpg",
      "Ettingen-Stapfleraebe06-03.jpg",
      "Ettingen-Stapfleraebe11-01.jpg"
    ],
    "project": {
      "Node": 12437587369,
      "Check": "nein",
      "Kanton": "BL",
      "PLZ": 4107,
      "Ort": "Ettingen",
      "Gebiet": "Stapfleraebe11",
      "Vermehrungstyp": "planted",
      "Herkunft": "",
      "Pflanzjahr": "",
      "Lat-WGS84": 47.47732,
      "Lon-WGS84": 7.52913,
      "CHY-LV95": 2606822,
      "CHX-LV95": 1258510,
      "BHU": "",
      "BHD": "",
      "Datum": "Dezember 2024",
      "Hauptinfo": "Steiner Roland",
      "SEBA": "",
      "Erhaltungs-Plantage_Biel_Nr": "",
      "DNA_Probe": "",
      "Fruechte": "",
      "Verluste_Erklaerung": "",
      "Reiser": "",
      "Bemerkung": "",
      "line": 548
    }
  },
  "geometry": {
    "type": "Point",
    "coordinates": [
      7.52913,
      47.47732,
      721.8565063476562
    ]
  }
}


{
  "type": "Feature",
  "id": "node/12437587369",
  "properties": {
    "history": [
      {
        "type": "node",
        "id": 12437587369,
        "lat": 47.47732,
        "lon": 7.52913,
        "timestamp": "2024-12-20T21:05:53Z",
        "version": 1,
        "changeset": 160449623,
        "user": "martindick56",
        "uid": 2814669,
        "tags": {
          "leaf_cycle": "deciduous",
          "leaf_type": "broadleaved",
          "natural": "tree",
          "note": "data: December 2024",
          "species": "Sorbus domestica",
          "species:de": "Speierling"
        }
      },
      {
        "type": "node",
        "id": 12437587369,
        "lat": 47.47732,
        "lon": 7.52913,
        "timestamp": "2024-12-27T21:31:04Z",
        "version": 2,
        "changeset": 160693474,
        "user": "martindick56",
        "uid": 2814669,
        "tags": {
          "leaf_cycle": "deciduous",
          "leaf_type": "broadleaved",
          "natural": "tree",
          "note": "data: December 2024",
          "propagation": "planted",
          "species": "Sorbus domestica",
          "species:de": "Speierling"
        }
      }
    ]
  },
  "index": 1824
}


get node/12437587369from osm
cache for node/12437590238 is outdated
{
  "type": "Feature",
  "id": "node/12437590238",
  "properties": {
    "type": "node",
    "id": "12437590238",
    "tags": {
      "circumference": "0.03",
      "height": "1.05",
      "leaf_cycle": "deciduous",
      "leaf_type": "broadleaved",
      "natural": "tree",
      "note": "data: January 2025",
      "propagation": "planted",
      "species": "Sorbus domestica",
      "species:de": "Speierling"
    },
    "relations": [],
    "meta": {
      "timestamp": "2025-01-10T15:14:32Z",
      "version": "4",
      "changeset": "161209454",
      "user": "martindick56",
      "uid": "2814669"
    },
    "nominatim": {
      "address": {
        "village": "Ettingen",
        "county": "Bezirk Arlesheim",
        "state": "Basel-Landschaft",
        "ISO3166-2-lvl4": "CH-BL",
        "postcode": "4107",
        "country": "Schweiz/Suisse/Svizzera/Svizra",
        "country_code": "ch"
      },
      "display_name": "Ettingen, Bezirk Arlesheim, Basel-Landschaft, 4107, Schweiz/Suisse/Svizzera/Svizra"
    },
    "pictures_url_prefix": "https://speierling.arglos.ch/node/12437590238/",
    "pictures": [
      "Ettingen-Stapfleraebe04-01.jpg",
      "Ettingen-Stapfleraebe04-02.jpg",
      "Ettingen-Stapfleraebe05-01.jpg"
    ],
    "project": {
      "Node": 12437590238,
      "Check": "nein",
      "Kanton": "BL",
      "PLZ": 4107,
      "Ort": "Ettingen",
      "Gebiet": "Stapfleraebe05",
      "Vermehrungstyp": "planted",
      "Herkunft": "",
      "Pflanzjahr": "",
      "Lat-WGS84": 47.47757,
      "Lon-WGS84": 7.53066,
      "CHY-LV95": 2606938,
      "CHX-LV95": 1258538,
      "BHU": "",
      "BHD": "",
      "Datum": "Dezember 2024",
      "Hauptinfo": "Steiner Roland",
      "SEBA": "",
      "Erhaltungs-Plantage_Biel_Nr": "",
      "DNA_Probe": "",
      "Fruechte": "",
      "Verluste_Erklaerung": "",
      "Reiser": "",
      "Bemerkung": "",
      "line": 542
    }
  },
  "geometry": {
    "type": "Point",
    "coordinates": [
      7.5306101,
      47.4775499,
      722.1004638671875
    ]
  }
}


{
  "type": "Feature",
  "id": "node/12437590238",
  "properties": {
    "history": [
      {
        "type": "node",
        "id": 12437590238,
        "lat": 47.47757,
        "lon": 7.53066,
        "timestamp": "2024-12-20T20:44:14Z",
        "version": 1,
        "changeset": 160449078,
        "user": "martindick56",
        "uid": 2814669,
        "tags": {
          "leaf_cycle": "deciduous",
          "leaf_type": "broadleaved",
          "natural": "tree",
          "note": "data: December 2024",
          "species": "Sorbus domestica",
          "species:de": "Speierling"
        }
      },
      {
        "type": "node",
        "id": 12437590238,
        "lat": 47.47757,
        "lon": 7.53066,
        "timestamp": "2024-12-27T21:31:04Z",
        "version": 2,
        "changeset": 160693474,
        "user": "martindick56",
        "uid": 2814669,
        "tags": {
          "leaf_cycle": "deciduous",
          "leaf_type": "broadleaved",
          "natural": "tree",
          "note": "data: December 2024",
          "propagation": "planted",
          "species": "Sorbus domestica",
          "species:de": "Speierling"
        }
      }
    ]
  },
  "index": 1825
}


get node/12437590238from osm
cache for node/12437593890 is outdated
{
  "type": "Feature",
  "id": "node/12437593890",
  "properties": {
    "type": "node",
    "id": "12437593890",
    "tags": {
      "circumference": "0.23",
      "leaf_cycle": "deciduous",
      "leaf_type": "broadleaved",
      "natural": "tree",
      "note": "data: January 2024",
      "propagation": "planted",
      "species": "Sorbus domestica",
      "species:de": "Speierling"
    },
    "relations": [],
    "meta": {
      "timestamp": "2025-01-10T16:26:19Z",
      "version": "4",
      "changeset": "161212250",
      "user": "martindick56",
      "uid": "2814669"
    },
    "nominatim": {
      "address": {
        "village": "Ettingen",
        "county": "Bezirk Arlesheim",
        "state": "Basel-Landschaft",
        "ISO3166-2-lvl4": "CH-BL",
        "postcode": "4107",
        "country": "Schweiz/Suisse/Svizzera/Svizra",
        "country_code": "ch"
      },
      "display_name": "Ettingen, Bezirk Arlesheim, Basel-Landschaft, 4107, Schweiz/Suisse/Svizzera/Svizra"
    },
    "pictures_url_prefix": "https://speierling.arglos.ch/node/12437593890/",
    "pictures": [
      "Ettingen-Stapfleraebe08-01.jpg",
      "Ettingen-Stapfleraebe08-02.jpg",
      "Ettingen-Stapfleraebe12-01.jpg"
    ],
    "project": {
      "Node": 12437593890,
      "Check": "nein",
      "Kanton": "BL",
      "PLZ": 4107,
      "Ort": "Ettingen",
      "Gebiet": "Stapfleraebe12",
      "Vermehrungstyp": "planted",
      "Herkunft": "",
      "Pflanzjahr": "",
      "Lat-WGS84": 47.47762,
      "Lon-WGS84": 7.52909,
      "CHY-LV95": 2606819,
      "CHX-LV95": 1258543,
      "BHU": 24,
      "BHD": 8,
      "Datum": "Dezember 2024",
      "Hauptinfo": "Steiner Roland",
      "SEBA": "",
      "Erhaltungs-Plantage_Biel_Nr": "",
      "DNA_Probe": "",
      "Fruechte": "",
      "Verluste_Erklaerung": "",
      "Reiser": "",
      "Bemerkung": "",
      "line": 549
    }
  },
  "geometry": {
    "type": "Point",
    "coordinates": [
      7.52909,
      47.47762,
      721.84716796875
    ]
  }
}


{
  "type": "Feature",
  "id": "node/12437593890",
  "properties": {
    "history": [
      {
        "type": "node",
        "id": 12437593890,
        "lat": 47.47762,
        "lon": 7.52909,
        "timestamp": "2024-12-20T21:09:40Z",
        "version": 1,
        "changeset": 160449723,
        "user": "martindick56",
        "uid": 2814669,
        "tags": {
          "circumference": "0.235",
          "leaf_cycle": "deciduous",
          "leaf_type": "broadleaved",
          "natural": "tree",
          "note": "data: December 2024",
          "species": "Sorbus domestica",
          "species:de": "Speierling"
        }
      },
      {
        "type": "node",
        "id": 12437593890,
        "lat": 47.47762,
        "lon": 7.52909,
        "timestamp": "2024-12-27T21:31:04Z",
        "version": 2,
        "changeset": 160693474,
        "user": "martindick56",
        "uid": 2814669,
        "tags": {
          "circumference": "0.235",
          "leaf_cycle": "deciduous",
          "leaf_type": "broadleaved",
          "natural": "tree",
          "note": "data: December 2024",
          "propagation": "planted",
          "species": "Sorbus domestica",
          "species:de": "Speierling"
        }
      }
    ]
  },
  "index": 1828
}


get node/12437593890from osm
cache for node/12437623523 is outdated
{
  "type": "Feature",
  "id": "node/12437623523",
  "properties": {
    "type": "node",
    "id": "12437623523",
    "tags": {
      "circumference": "0.22",
      "leaf_cycle": "deciduous",
      "leaf_type": "broadleaved",
      "natural": "tree",
      "note": "data: January 2025",
      "propagation": "planted",
      "species": "Sorbus domestica",
      "species:de": "Speierling"
    },
    "relations": [],
    "meta": {
      "timestamp": "2025-01-10T15:21:51Z",
      "version": "4",
      "changeset": "161209746",
      "user": "martindick56",
      "uid": "2814669"
    },
    "nominatim": {
      "address": {
        "village": "Ettingen",
        "county": "Bezirk Arlesheim",
        "state": "Basel-Landschaft",
        "ISO3166-2-lvl4": "CH-BL",
        "postcode": "4107",
        "country": "Schweiz/Suisse/Svizzera/Svizra",
        "country_code": "ch"
      },
      "display_name": "Ettingen, Bezirk Arlesheim, Basel-Landschaft, 4107, Schweiz/Suisse/Svizzera/Svizra"
    },
    "pictures_url_prefix": "https://speierling.arglos.ch/node/12437623523/",
    "pictures": [
      "Ettingen-Stapfleraebe05-01.jpg",
      "Ettingen-Stapfleraebe05-02.jpg",
      "Ettingen-Stapfleraebe10-01.jpg"
    ],
    "project": {
      "Node": 12437623523,
      "Check": "nein",
      "Kanton": "BL",
      "PLZ": 4107,
      "Ort": "Ettingen",
      "Gebiet": "Stapfleraebe10",
      "Vermehrungstyp": "planted",
      "Herkunft": "",
      "Pflanzjahr": "",
      "Lat-WGS84": 47.47726,
      "Lon-WGS84": 7.52896,
      "CHY-LV95": 2606810,
      "CHX-LV95": 1258503,
      "BHU": 23,
      "BHD": 7,
      "Datum": "Dezember 2024",
      "Hauptinfo": "Steiner Roland",
      "SEBA": "",
      "Erhaltungs-Plantage_Biel_Nr": "",
      "DNA_Probe": "",
      "Fruechte": "",
      "Verluste_Erklaerung": "",
      "Reiser": "",
      "Bemerkung": "",
      "line": 547
    }
  },
  "geometry": {
    "type": "Point",
    "coordinates": [
      7.5289391,
      47.4772129,
      721.8296508789062
    ]
  }
}


{
  "type": "Feature",
  "id": "node/12437623523",
  "properties": {
    "history": [
      {
        "type": "node",
        "id": 12437623523,
        "lat": 47.47726,
        "lon": 7.52896,
        "timestamp": "2024-12-20T21:02:38Z",
        "version": 1,
        "changeset": 160449550,
        "user": "martindick56",
        "uid": 2814669,
        "tags": {
          "circumference": "0.225",
          "leaf_cycle": "deciduous",
          "leaf_type": "broadleaved",
          "natural": "tree",
          "note": "data: December 2024",
          "species": "Sorbus domestica",
          "species:de": "Speierling"
        }
      },
      {
        "type": "node",
        "id": 12437623523,
        "lat": 47.47726,
        "lon": 7.52896,
        "timestamp": "2024-12-27T21:31:04Z",
        "version": 2,
        "changeset": 160693474,
        "user": "martindick56",
        "uid": 2814669,
        "tags": {
          "circumference": "0.225",
          "leaf_cycle": "deciduous",
          "leaf_type": "broadleaved",
          "natural": "tree",
          "note": "data: December 2024",
          "propagation": "planted",
          "species": "Sorbus domestica",
          "species:de": "Speierling"
        }
      }
    ]
  },
  "index": 1831
}


get node/12437623523from osm
cache for node/12439574112 is outdated
{
  "type": "Feature",
  "id": "node/12439574112",
  "properties": {
    "type": "node",
    "id": "12439574112",
    "tags": {
      "circumference": "0.03",
      "height": "0.9",
      "leaf_cycle": "deciduous",
      "leaf_type": "broadleaved",
      "natural": "tree",
      "note": "data: January 2025",
      "propagation": "planted",
      "species": "Sorbus domestica",
      "species:de": "Speierling"
    },
    "relations": [],
    "meta": {
      "timestamp": "2025-01-10T16:50:14Z",
      "version": "5",
      "changeset": "161213111",
      "user": "martindick56",
      "uid": "2814669"
    },
    "nominatim": {
      "address": {
        "village": "Metzerlen-Mariastein",
        "municipality": "Bezirk Dorneck",
        "county": "Amtei Dorneck-Thierstein",
        "state": "Solothurn",
        "ISO3166-2-lvl4": "CH-SO",
        "postcode": "4116",
        "country": "Schweiz/Suisse/Svizzera/Svizra",
        "country_code": "ch"
      },
      "display_name": "Metzerlen-Mariastein, Bezirk Dorneck, Amtei Dorneck-Thierstein, Solothurn, 4116, Schweiz/Suisse/Svizzera/Svizra"
    },
    "pictures_url_prefix": "https://speierling.arglos.ch/node/12439574112/",
    "pictures": [
      "Metzerlen-Stationenweg-01.jpg",
      "Metzerlen-ZielgasswegA-01.jpg",
      "Metzerlen-ZielgasswegA-02.jpg",
      "Metzerlen-ZielgasswegA-03.jpg"
    ],
    "project": {
      "Node": 12439574112,
      "Check": "nein",
      "Kanton": "SO",
      "PLZ": 4116,
      "Ort": "Metzerlen",
      "Gebiet": "Stationenweg",
      "Vermehrungstyp": "planted",
      "Herkunft": "",
      "Pflanzjahr": "",
      "Lat-WGS84": 47.479033,
      "Lon-WGS84": 7.480321,
      "CHY-LV95": 2603143,
      "CHX-LV95": 1258697,
      "BHU": 3,
      "BHD": 1,
      "Datum": "Dezember 2024",
      "Hauptinfo": "Steiner Roland",
      "SEBA": "",
      "Erhaltungs-Plantage_Biel_Nr": "",
      "DNA_Probe": "",
      "Fruechte": "",
      "Verluste_Erklaerung": "",
      "Reiser": "",
      "Bemerkung": "",
      "line": 1141
    }
  },
  "geometry": {
    "type": "Point",
    "coordinates": [
      7.4805602,
      47.4784589,
      714.0411987304688
    ]
  }
}


{
  "type": "Feature",
  "id": "node/12439574112",
  "properties": {
    "history": [
      {
        "type": "node",
        "id": 12439574112,
        "lat": 47.479033,
        "lon": 7.480321,
        "timestamp": "2024-12-21T21:07:38Z",
        "version": 1,
        "changeset": 160483456,
        "user": "martindick56",
        "uid": 2814669,
        "tags": {
          "leaf_cycle": "deciduous",
          "leaf_type": "broadleaved",
          "natural": "tree",
          "note": "data: December 2024",
          "species": "Sorbus domestica",
          "species:de": "Speierling"
        }
      },
      {
        "type": "node",
        "id": 12439574112,
        "lat": 47.479033,
        "lon": 7.480321,
        "timestamp": "2024-12-29T16:24:06Z",
        "version": 2,
        "changeset": 160757341,
        "user": "martindick56",
        "uid": 2814669,
        "tags": {
          "circumference": "0.03",
          "leaf_cycle": "deciduous",
          "leaf_type": "broadleaved",
          "natural": "tree",
          "note": "data: December 2024",
          "propagation": "planted",
          "species": "Sorbus domestica",
          "species:de": "Speierling"
        }
      }
    ]
  },
  "index": 1834
}


get node/12439574112from osm
get node/12488639592from osm
get node/12488756401from osm
ende
node/12481831047 could be updated from file
cache for node/12481831047 is outdated
{
  "type": "Feature",
  "id": "node/12481831047",
  "properties": {
    "type": "node",
    "id": "12481831047",
    "tags": {
      "circumference": "0.03",
      "height": "0.35",
      "leaf_cycle": "deciduous",
      "leaf_type": "broadleaved",
      "natural": "tree",
      "note": "data: January 2025",
      "propagation": "seed",
      "source": "Arlesheim Chilchholz Gipfel MItte",
      "species": "Sorbus domestica",
      "species:de": "Speierling",
      "start_date": "2023"
    },
    "relations": [],
    "meta": {
      "timestamp": "2025-01-12T11:07:40Z",
      "version": "3",
      "changeset": "161268312",
      "user": "martindick56",
      "uid": "2814669"
    },
    "nominatim": {
      "address": {
        "village": "Arlesheim",
        "county": "Bezirk Arlesheim",
        "state": "Basel-Landschaft",
        "ISO3166-2-lvl4": "CH-BL",
        "postcode": "4144",
        "country": "Schweiz/Suisse/Svizzera/Svizra",
        "country_code": "ch"
      },
      "display_name": "Arlesheim, Bezirk Arlesheim, Basel-Landschaft, 4144, Schweiz/Suisse/Svizzera/Svizra"
    }
  },
  "geometry": {
    "type": "Point",
    "coordinates": [
      7.6377547,
      47.4881442,
      738.276611328125
    ]
  }
}


{
  "type": "Feature",
  "id": "node/12481831047",
  "properties": {
    "history": [
      {
        "type": "node",
        "id": 12481831047,
        "lat": 47.48813,
        "lon": 7.6378,
        "timestamp": "2025-01-07T22:14:25Z",
        "version": 1,
        "changeset": 161113157,
        "user": "martindick56",
        "uid": 2814669,
        "tags": {
          "circumference": "0.03",
          "height": "0.35",
          "leaf_cycle": "deciduous",
          "leaf_type": "broadleaved",
          "natural": "tree",
          "note": "data: January 2025",
          "propagation": "seed",
          "species": "Sorbus domestica",
          "species:de": "Speierling",
          "start_date": "2023"
        }
      },
      {
        "type": "node",
        "id": 12481831047,
        "lat": 47.48813,
        "lon": 7.6378,
        "timestamp": "2025-01-07T22:25:55Z",
        "version": 2,
        "changeset": 161113410,
        "user": "martindick56",
        "uid": 2814669,
        "tags": {
          "circumference": "0.03",
          "height": "0.35",
          "leaf_cycle": "deciduous",
          "leaf_type": "broadleaved",
          "natural": "tree",
          "note": "data: January 2025",
          "propagation": "seed",
          "source": "Arlesheim Chilchholz Gipfel MItte",
          "species": "Sorbus domestica",
          "species:de": "Speierling",
          "start_date": "2023"
        }
      }
    ]
  },
  "index": 2030
}


get node/12481831047from osm
node/12481898970 could be updated from file
cache for node/12481898970 is outdated
{
  "type": "Feature",
  "id": "node/12481898970",
  "properties": {
    "type": "node",
    "id": "12481898970",
    "tags": {
      "circumference": "0.03",
      "height": "0.80",
      "leaf_cycle": "deciduous",
      "leaf_type": "broadleaved",
      "natural": "tree",
      "note": "data: January 2025",
      "propagation": "seed",
      "source": "Arlesheim Eichmatt",
      "species": "Sorbus domestica",
      "species:de": "Speierling",
      "start_date": "2023"
    },
    "relations": [],
    "meta": {
      "timestamp": "2025-01-12T11:07:40Z",
      "version": "2",
      "changeset": "161268312",
      "user": "martindick56",
      "uid": "2814669"
    },
    "nominatim": {
      "address": {
        "village": "Arlesheim",
        "county": "Bezirk Arlesheim",
        "state": "Basel-Landschaft",
        "ISO3166-2-lvl4": "CH-BL",
        "postcode": "4144",
        "country": "Schweiz/Suisse/Svizzera/Svizra",
        "country_code": "ch"
      },
      "display_name": "Arlesheim, Bezirk Arlesheim, Basel-Landschaft, 4144, Schweiz/Suisse/Svizzera/Svizra"
    }
  },
  "geometry": {
    "type": "Point",
    "coordinates": [
      7.6375575,
      47.4881196,
      738.2601318359375
    ]
  }
}


{
  "type": "Feature",
  "id": "node/12481898970",
  "properties": {
    "history": [
      {
        "type": "node",
        "id": 12481898970,
        "lat": 47.48809,
        "lon": 7.637665,
        "timestamp": "2025-01-07T22:46:14Z",
        "version": 1,
        "changeset": 161113853,
        "user": "martindick56",
        "uid": 2814669,
        "tags": {
          "circumference": "0.03",
          "height": "0.80",
          "leaf_cycle": "deciduous",
          "leaf_type": "broadleaved",
          "natural": "tree",
          "note": "data: January 2025",
          "propagation": "seed",
          "source": "Arlesheim Eichmatt",
          "species": "Sorbus domestica",
          "species:de": "Speierling",
          "start_date": "2023"
        }
      }
    ]
  },
  "index": 2033
}


get node/12481898970from osm
node/12481921649 could be updated from file
cache for node/12481921649 is outdated
{
  "type": "Feature",
  "id": "node/12481921649",
  "properties": {
    "type": "node",
    "id": "12481921649",
    "tags": {
      "circumference": "0.03",
      "height": "0.55",
      "leaf_cycle": "deciduous",
      "leaf_type": "broadleaved",
      "natural": "tree",
      "note": "data: January 2025",
      "propagation": "seed",
      "source": "Arlesheim Eichmatt",
      "species": "Sorbus domestica",
      "species:de": "Speierling",
      "start_date": "2023"
    },
    "relations": [],
    "meta": {
      "timestamp": "2025-01-12T11:07:40Z",
      "version": "2",
      "changeset": "161268312",
      "user": "martindick56",
      "uid": "2814669"
    },
    "nominatim": {
      "address": {
        "village": "Arlesheim",
        "county": "Bezirk Arlesheim",
        "state": "Basel-Landschaft",
        "ISO3166-2-lvl4": "CH-BL",
        "postcode": "4144",
        "country": "Schweiz/Suisse/Svizzera/Svizra",
        "country_code": "ch"
      },
      "display_name": "Arlesheim, Bezirk Arlesheim, Basel-Landschaft, 4144, Schweiz/Suisse/Svizzera/Svizra"
    }
  },
  "geometry": {
    "type": "Point",
    "coordinates": [
      7.6376907,
      47.488034,
      738.26318359375
    ]
  }
}


{
  "type": "Feature",
  "id": "node/12481921649",
  "properties": {
    "history": [
      {
        "type": "node",
        "id": 12481921649,
        "lat": 47.48806,
        "lon": 7.637665,
        "timestamp": "2025-01-07T22:53:39Z",
        "version": 1,
        "changeset": 161114046,
        "user": "martindick56",
        "uid": 2814669,
        "tags": {
          "circumference": "0.03",
          "height": "0.55",
          "leaf_cycle": "deciduous",
          "leaf_type": "broadleaved",
          "natural": "tree",
          "note": "data: January 2025",
          "propagation": "seed",
          "source": "Arlesheim Eichmatt",
          "species": "Sorbus domestica",
          "species:de": "Speierling",
          "start_date": "2023"
        }
      }
    ]
  },
  "index": 2034
}


get node/12481921649from osm
node/12484134942 could be updated from file
cache for node/12484134942 is outdated
{
  "type": "Feature",
  "id": "node/12484134942",
  "properties": {
    "type": "node",
    "id": "12484134942",
    "tags": {
      "circumference": "0.03",
      "height": "0.95",
      "leaf_cycle": "deciduous",
      "leaf_type": "broadleaved",
      "natural": "tree",
      "note": "data: January 2025",
      "propagation": "seed",
      "source": "Arlesheim Spitalholz Süd",
      "species": "Sorbus domestica",
      "species:de": "Speierling",
      "start_date": "2023"
    },
    "relations": [],
    "meta": {
      "timestamp": "2025-01-12T11:07:40Z",
      "version": "2",
      "changeset": "161268312",
      "user": "martindick56",
      "uid": "2814669"
    },
    "nominatim": {
      "address": {
        "village": "Arlesheim",
        "county": "Bezirk Arlesheim",
        "state": "Basel-Landschaft",
        "ISO3166-2-lvl4": "CH-BL",
        "postcode": "4144",
        "country": "Schweiz/Suisse/Svizzera/Svizra",
        "country_code": "ch"
      },
      "display_name": "Arlesheim, Bezirk Arlesheim, Basel-Landschaft, 4144, Schweiz/Suisse/Svizzera/Svizra"
    }
  },
  "geometry": {
    "type": "Point",
    "coordinates": [
      7.6375558,
      47.4880069,
      738.25634765625
    ]
  }
}


{
  "type": "Feature",
  "id": "node/12484134942",
  "properties": {
    "history": [
      {
        "type": "node",
        "id": 12484134942,
        "lat": 47.48803,
        "lon": 7.6376,
        "timestamp": "2025-01-08T10:31:41Z",
        "version": 1,
        "changeset": 161127825,
        "user": "martindick56",
        "uid": 2814669,
        "tags": {
          "circumference": "0.03",
          "height": "0.95",
          "leaf_cycle": "deciduous",
          "leaf_type": "broadleaved",
          "natural": "tree",
          "note": "data: January 2025",
          "propagation": "seed",
          "source": "Arlesheim Spitalholz Süd",
          "species": "Sorbus domestica",
          "species:de": "Speierling",
          "start_date": "2023"
        }
      }
    ]
  },
  "index": 2035
}


get node/12484134942from osm
cache for node/12484171037 is outdated
{
  "type": "Feature",
  "id": "node/12484171037",
  "properties": {
    "type": "node",
    "id": "12484171037",
    "tags": {
      "circumference": "0.03",
      "height": "0.35",
      "leaf_cycle": "deciduous",
      "leaf_type": "broadleaved",
      "natural": "tree",
      "note": "data: January 2025",
      "propagation": "seed",
      "source": "Arlesheim Eichmatt",
      "species": "Sorbus domestica",
      "species:de": "Speierling",
      "start_date": "2023"
    },
    "relations": [],
    "meta": {
      "timestamp": "2025-01-12T11:07:40Z",
      "version": "3",
      "changeset": "161268312",
      "user": "martindick56",
      "uid": "2814669"
    },
    "nominatim": {
      "address": {
        "village": "Arlesheim",
        "county": "Bezirk Arlesheim",
        "state": "Basel-Landschaft",
        "ISO3166-2-lvl4": "CH-BL",
        "postcode": "4144",
        "country": "Schweiz/Suisse/Svizzera/Svizra",
        "country_code": "ch"
      },
      "display_name": "Arlesheim, Bezirk Arlesheim, Basel-Landschaft, 4144, Schweiz/Suisse/Svizzera/Svizra"
    }
  },
  "geometry": {
    "type": "Point",
    "coordinates": [
      7.6375416,
      47.4878039,
      738.2797241210938
    ]
  }
}


{
  "type": "Feature",
  "id": "node/12484171037",
  "properties": {
    "history": [
      {
        "type": "node",
        "id": 12484171037,
        "lat": 47.4878,
        "lon": 7.6376,
        "timestamp": "2025-01-08T10:57:47Z",
        "version": 1,
        "changeset": 161128706,
        "user": "martindick56",
        "uid": 2814669,
        "tags": {
          "circumferende": "0.03",
          "height": "0.35",
          "leaf_cycle": "deciduous",
          "leaf_type": "broadleaved",
          "natural": "tree",
          "note": "data: January 2025",
          "propagation": "seed",
          "source": "Arlesheim Eichmatt",
          "species": "Sorbus domestica",
          "species:de": "Speierling",
          "start_date": "2023"
        }
      }
    ]
  },
  "index": 2036
}


get node/12484171037from osm
node/12484188677 could be updated from file
cache for node/12484188677 is outdated
{
  "type": "Feature",
  "id": "node/12484188677",
  "properties": {
    "type": "node",
    "id": "12484188677",
    "tags": {
      "circumference": "0.03",
      "height": "0.45",
      "leaf_cycle": "deciduous",
      "leaf_type": "broadleaved",
      "natural": "tree",
      "note": "data: January 2025",
      "propagation": "seed",
      "source": "Arlesheim Chilchholz Süd",
      "species": "Sorbus domestica",
      "species:de": "Speierling",
      "start_date": "2023"
    },
    "relations": [],
    "meta": {
      "timestamp": "2025-01-12T11:07:40Z",
      "version": "2",
      "changeset": "161268312",
      "user": "martindick56",
      "uid": "2814669"
    },
    "nominatim": {
      "address": {
        "village": "Arlesheim",
        "county": "Bezirk Arlesheim",
        "state": "Basel-Landschaft",
        "ISO3166-2-lvl4": "CH-BL",
        "postcode": "4144",
        "country": "Schweiz/Suisse/Svizzera/Svizra",
        "country_code": "ch"
      },
      "display_name": "Arlesheim, Bezirk Arlesheim, Basel-Landschaft, 4144, Schweiz/Suisse/Svizzera/Svizra"
    }
  },
  "geometry": {
    "type": "Point",
    "coordinates": [
      7.6375992,
      47.4878829,
      738.2749633789062
    ]
  }
}


{
  "type": "Feature",
  "id": "node/12484188677",
  "properties": {
    "history": [
      {
        "type": "node",
        "id": 12484188677,
        "lat": 47.48788,
        "lon": 7.637622,
        "timestamp": "2025-01-08T10:45:09Z",
        "version": 1,
        "changeset": 161128254,
        "user": "martindick56",
        "uid": 2814669,
        "tags": {
          "circumference": "0.03",
          "height": "0.45",
          "leaf_cycle": "deciduous",
          "leaf_type": "broadleaved",
          "natural": "tree",
          "note": "data: January 2025",
          "propagation": "seed",
          "source": "Arlesheim Chilchholz Süd",
          "species": "Sorbus domestica",
          "species:de": "Speierling",
          "start_date": "2023"
        }
      }
    ]
  },
  "index": 2038
}


get node/12484188677from osm
ende
ende
ende
ende
ende
ende
ende
ende
ende
node/1676933505 could be updated from file
cache for node/1676933505 is outdated
{
  "type": "Feature",
  "id": "node/1676933505",
  "properties": {
    "type": "node",
    "id": "1676933505",
    "tags": {
      "circumference": "2.21",
      "denotation": "natural_monument",
      "leaf_cycle": "deciduous",
      "leaf_type": "broadleaved",
      "natural": "tree",
      "note": "data: December 2018 circumference 2011: 197cm; zweistämmig, ein Stamm abgebrochen (April 2019)",
      "propagation": "natural",
      "species": "Sorbus domestica",
      "species:de": "Speierling",
      "survey:date": "2025-01-17",
      "circumference:historic:2011": 1.97
    },
    "relations": [],
    "meta": {
      "timestamp": "2025-01-17T15:48:26Z",
      "version": "8",
      "changeset": "161461079",
      "user": "martindick56",
      "uid": "2814669"
    },
    "nominatim": {
      "address": {
        "village": "Lausen",
        "county": "Bezirk Liestal",
        "state": "Basel-Landschaft",
        "ISO3166-2-lvl4": "CH-BL",
        "postcode": "4415",
        "country": "Schweiz/Suisse/Svizzera/Svizra",
        "country_code": "ch"
      },
      "display_name": "Lausen, Bezirk Liestal, Basel-Landschaft, 4415, Schweiz/Suisse/Svizzera/Svizra"
    },
    "pictures_url_prefix": "https://speierling.arglos.ch/node/1676933505/",
    "pictures": [
      "Lausen-ChleiGrammel-TreppeOst-01.JPG",
      "Lausen-ChleiGrammel-TreppeOst-02.JPG",
      "Lausen-ChleiGrammel-TreppeOst-03.jpg",
      "Lausen-ChleiGrammel-TreppeOst-04.jpg",
      "Lausen-ChleiGrammel-TreppeOst-05.jpg",
      "Lausen-ChleiGrammel-TreppeOst-06.jpg",
      "Lausen-ChleiGrammel-TreppeOst-07.JPG",
      "Lausen-ChleiGrammel-TreppeOst-08.jpg",
      "Lausen-ChleiGrammel-TreppeOst-09.jpg",
      "Lausen-ChleiGrammel-TreppeOst-10.jpg",
      "Lausen-ChleiGrammel-TreppeOst-11.jpg",
      "Lausen-ChleiGrammel-TreppeOst-12.jpg",
      "Lausen-ChleiGrammel-TreppeOst-13.jpg",
      "Lausen-ChleiGrammel-TreppeOst-14.jpg",
      "Lausen-ChleiGrammel-TreppeOst-15.jpg",
      "Lausen-ChleiGrammel-TreppeOst-16.JPG",
      "Lausen-ChleiGrammel-TreppeOst-17.JPG",
      "Lausen-ChleiGrammel-TreppeOst-18.JPG",
      "Lausen-ChleiGrammel-TreppeOst-19.JPG",
      "Lausen-ChleiGrammel-TreppeOst-20.JPG",
      "Lausen-ChleiGrammel-TreppeOst-21.JPG",
      "Lausen-ChleiGrammel-TreppeOst-22.JPG",
      "Lausen-ChleiGrammel-TreppeOst-23.JPG",
      "Lausen-ChleiGrammel-TreppeOst-24.jpg",
      "Lausen-ChleiGrammel-TreppeOst-25.jpg",
      "Lausen-ChleiGrammel-TreppeOst-26.jpg",
      "Lausen-ChleiGrammel-TreppeOst-27.jpg",
      "Lausen-ChleiGrammel-TreppeOst-28.JPG",
      "Lausen-ChleiGrammel-TreppeOst-29.JPG",
      "Lausen-ChleiGrammel-TreppeOst-30.JPG",
      "Lausen-ChleiGrammel-TreppeOst-31.JPG",
      "Lausen-ChleiGrammel-TreppeOst-32.JPG",
      "Lausen-ChleiGrammel-TreppeOst-33.JPG"
    ],
    "project": {
      "Node": 1676933505,
      "Check": "ja",
      "Kanton": "BL",
      "PLZ": 4415,
      "Ort": "Lausen",
      "Gebiet": "ChleiGrammelTreppe-Ost",
      "Vermehrungstyp": "natural",
      "Herkunft": "",
      "Pflanzjahr": "",
      "Lat-WGS84": 47.4769665,
      "Lon-WGS84": 7.7711332,
      "CHY-LV95": 2625064,
      "CHX-LV95": 1258519,
      "BHU": 208,
      "BHD": 66,
      "Datum": "Dezember 2018",
      "Hauptinfo": "Infoflora 1437304 Schöpfer Thomas  3344535+3351427 Polt Heidi  SEBA-Karte#26",
      "SEBA": "Nr. 26",
      "Erhaltungs-Plantage_Biel_Nr": "",
      "DNA_Probe": "",
      "Fruechte": "Früchte 2020, 2024",
      "Verluste_Erklaerung": "",
      "Reiser": "Reiser gesammelt, angewachsen",
      "Bemerkung": "Wurzelbrut: Stammumfamg 15cm, 2-staemmig, ein Stamm abgebrochen April 2019\nAugust 2024: BHU 221cm",
      "line": 662
    },
    "history": [
      {
        "timestamp": "2012-03-16T15:40:57Z",
        "version": 1,
        "name": "Speierling",
        "natural": "tree"
      },
      {
        "timestamp": "2018-12-29T12:58:07Z",
        "version": 2,
        "circumference": "2.08",
        "denotation": "natural_monument",
        "genus": "Sorbus domestica",
        "genus:de": "Speierling",
        "leaf_cycle": "deciduous",
        "leaf_type": "broadleaved"
      },
      {
        "timestamp": "2019-01-14T13:24:40Z",
        "version": 3,
        "note": "data: December 2018 circumference 2011: 197cm"
      },
      {
        "timestamp": "2020-09-04T19:40:16Z",
        "version": 4,
        "species": "Sorbus domestica",
        "species:de": "Speierling"
      },
      {
        "timestamp": "2022-07-02T09:55:41Z",
        "version": 5,
        "note": "data: December 2018 circumference 2011: 197cm; zweistämmig, ein Stamm abgebrochen (April 2019)"
      },
      {
        "timestamp": "2024-12-28T10:04:31Z",
        "version": 7,
        "propagation": "natural"
      }
    ]
  },
  "geometry": {
    "type": "Point",
    "coordinates": [
      7.7711332,
      47.4769665,
      405
    ]
  }
}


{
  "type": "Feature",
  "id": "node/1676933505",
  "properties": {
    "history": [
      {
        "type": "node",
        "id": 1676933505,
        "lat": 47.4769665,
        "lon": 7.7711332,
        "timestamp": "2012-03-16T15:40:57Z",
        "version": 1,
        "changeset": 10999482,
        "user": "suntri",
        "uid": 24727,
        "tags": {
          "name": "Speierling",
          "natural": "tree"
        }
      },
      {
        "type": "node",
        "id": 1676933505,
        "lat": 47.4769665,
        "lon": 7.7711332,
        "timestamp": "2018-12-29T12:58:07Z",
        "version": 2,
        "changeset": 65864365,
        "user": "martindick56",
        "uid": 2814669,
        "tags": {
          "circumference": "2.08",
          "denotation": "natural_monument",
          "genus": "Sorbus domestica",
          "genus:de": "Speierling",
          "leaf_cycle": "deciduous",
          "leaf_type": "broadleaved",
          "name": "Speierling",
          "natural": "tree"
        }
      },
      {
        "type": "node",
        "id": 1676933505,
        "lat": 47.4769665,
        "lon": 7.7711332,
        "timestamp": "2019-01-14T13:24:40Z",
        "version": 3,
        "changeset": 66302104,
        "user": "martindick56",
        "uid": 2814669,
        "tags": {
          "circumference": "2.08",
          "denotation": "natural_monument",
          "genus": "Sorbus domestica",
          "genus:de": "Speierling",
          "leaf_cycle": "deciduous",
          "leaf_type": "broadleaved",
          "name": "Speierling",
          "natural": "tree",
          "note": "data: December 2018 circumference 2011: 197cm"
        }
      },
      {
        "type": "node",
        "id": 1676933505,
        "lat": 47.4769665,
        "lon": 7.7711332,
        "timestamp": "2020-09-04T19:40:16Z",
        "version": 4,
        "changeset": 90430913,
        "user": "martindick56",
        "uid": 2814669,
        "tags": {
          "circumference": "2.08",
          "denotation": "natural_monument",
          "leaf_cycle": "deciduous",
          "leaf_type": "broadleaved",
          "name": "Speierling",
          "natural": "tree",
          "note": "data: December 2018 circumference 2011: 197cm",
          "species": "Sorbus domestica",
          "species:de": "Speierling"
        }
      },
      {
        "type": "node",
        "id": 1676933505,
        "lat": 47.4769665,
        "lon": 7.7711332,
        "timestamp": "2022-07-02T09:55:41Z",
        "version": 5,
        "changeset": 123113900,
        "user": "martindick56",
        "uid": 2814669,
        "tags": {
          "circumference": "2.08",
          "denotation": "natural_monument",
          "leaf_cycle": "deciduous",
          "leaf_type": "broadleaved",
          "name": "Speierling",
          "natural": "tree",
          "note": "data: December 2018 circumference 2011: 197cm; zweistämmig, ein Stamm abgebrochen (April 2019)",
          "species": "Sorbus domestica",
          "species:de": "Speierling"
        }
      },
      {
        "type": "node",
        "id": 1676933505,
        "lat": 47.4769665,
        "lon": 7.7711332,
        "timestamp": "2024-01-06T16:22:54Z",
        "version": 6,
        "changeset": 145963276,
        "user": "martindick56",
        "uid": 2814669,
        "tags": {
          "circumference": "2.08",
          "denotation": "natural_monument",
          "leaf_cycle": "deciduous",
          "leaf_type": "broadleaved",
          "natural": "tree",
          "note": "data: December 2018 circumference 2011: 197cm; zweistämmig, ein Stamm abgebrochen (April 2019)",
          "species": "Sorbus domestica",
          "species:de": "Speierling"
        }
      },
      {
        "type": "node",
        "id": 1676933505,
        "lat": 47.4769665,
        "lon": 7.7711332,
        "timestamp": "2024-12-28T10:04:31Z",
        "version": 7,
        "changeset": 160706377,
        "user": "martindick56",
        "uid": 2814669,
        "tags": {
          "circumference": "2.08",
          "denotation": "natural_monument",
          "leaf_cycle": "deciduous",
          "leaf_type": "broadleaved",
          "natural": "tree",
          "note": "data: December 2018 circumference 2011: 197cm; zweistämmig, ein Stamm abgebrochen (April 2019)",
          "propagation": "natural",
          "species": "Sorbus domestica",
          "species:de": "Speierling"
        }
      }
    ]
  },
  "index": 101
}


get node/1676933505from osm
node/6166873274 could be updated from file
cache for node/6166873274 is outdated
{
  "type": "Feature",
  "id": "node/6166873274",
  "properties": {
    "type": "node",
    "id": "6166873274",
    "tags": {
      "circumference": "1.39",
      "denotation": "natural_monument",
      "leaf_cycle": "deciduous",
      "leaf_type": "broadleaved",
      "maintenance": "tree inspection",
      "natural": "tree",
      "note": "September 2019: no fruits, August 2020 with fruits\ncircumference December 2018: 1.3m\ncircumference 2011: 127cm (H. Polt) \ndiameter ca. 1955: 35cm (W. Plattner NGBL)",
      "propagation": "natural",
      "species": "Sorbus domestica",
      "species:de": "Speierling",
      "survey:date": "2025-01-17",
      "circumference:historic:1955": 1.1,
      "circumference:historic:2011": 1.27
    },
    "relations": [],
    "meta": {
      "timestamp": "2025-01-17T15:57:29Z",
      "version": "9",
      "changeset": "161461383",
      "user": "martindick56",
      "uid": "2814669"
    },
    "nominatim": {
      "address": {
        "village": "Arlesheim",
        "county": "Bezirk Arlesheim",
        "state": "Basel-Landschaft",
        "ISO3166-2-lvl4": "CH-BL",
        "postcode": "4144",
        "country": "Schweiz/Suisse/Svizzera/Svizra",
        "country_code": "ch"
      },
      "display_name": "Arlesheim, Bezirk Arlesheim, Basel-Landschaft, 4144, Schweiz/Suisse/Svizzera/Svizra"
    },
    "pictures_url_prefix": "https://speierling.arglos.ch/node/6166873274/",
    "pictures": [
      "Arlesheim-Spitalholz-Nord-01.jpg",
      "Arlesheim-Spitalholz-Nord-02.jpg",
      "Arlesheim-Spitalholz-Nord-03.jpg",
      "Arlesheim-Spitalholz-Nord-04.jpg",
      "Arlesheim-Spitalholz-Nord-05.jpg",
      "Arlesheim-Spitalholz-Nord-06.jpg",
      "Arlesheim-Spitalholz-Nord-07.jpg",
      "Arlesheim-Spitalholz-Nord-08-Krone.JPG",
      "Arlesheim-Spitalholz-Nord-09-Krone.JPG",
      "Arlesheim-Spitalholz-Nord-10-Krone.JPG",
      "Arlesheim-Spitalholz-Nord-11.JPG",
      "Arlesheim-Spitalholz-Nord-12.JPG",
      "Arlesheim-Spitalholz-Nord-13.JPG",
      "Arlesheim-Spitalholz-Nord-14.JPG",
      "Arlesheim-Spitalholz-Nord-15.JPG",
      "Arlesheim-Spitalholz-Nord-16.JPG",
      "Arlesheim-Spitalholz-Nord-17.JPG",
      "Arlesheim-Spitalholz-Nord-18.JPG",
      "Arlesheim-Spitalholz-Nord-19.JPG",
      "Arlesheim-Spitalholz-Nord-20.JPG",
      "Arlesheim-Spitalholz-Nord-21.JPG",
      "Arlesheim-Spitalholz-Nord-22.JPG",
      "Arlesheim-Spitalholz-Nord-23.JPG",
      "Arlesheim-Spitalholz-Nord-24.JPG"
    ],
    "project": {
      "Node": 6166873274,
      "Check": "ja",
      "Kanton": "BL",
      "PLZ": 4144,
      "Ort": "Arlesheim",
      "Gebiet": "Spitalholz-Nord",
      "Vermehrungstyp": "natural",
      "Herkunft": "",
      "Pflanzjahr": "",
      "Lat-WGS84": 47.505418,
      "Lon-WGS84": 7.6245081,
      "CHY-LV95": 2614004,
      "CHX-LV95": 1261646,
      "BHU": 130,
      "BHD": 41,
      "Datum": "Dezember 2018",
      "Hauptinfo": "Plattner Wilhelm 1955  Infoflora  1437296  Müller Hans-Peter  3348455+3351830 Carole Wiesmann  Karte Rieder Paul  SEBA-Karte#18",
      "SEBA": "Nr. 18",
      "Erhaltungs-Plantage_Biel_Nr": "BL 19",
      "DNA_Probe": "DNA",
      "Fruechte": "keine Fruechte 2019  viele Fruechte 2020",
      "Verluste_Erklaerung": "",
      "Reiser": "Reiser gesammelt, angewachsen",
      "Bemerkung": "BHU 2024 139cm",
      "line": 446
    },
    "history": [
      {
        "timestamp": "2018-12-27T20:11:07Z",
        "version": 1,
        "circumference": "1.30",
        "denotation": "natural_monument",
        "genus": "Sorbus domestica",
        "genus:de": "Speierling",
        "leaf_cycle": "deciduous",
        "leaf_type": "broadleaved",
        "natural": "tree",
        "note": "Dezember 2018 / Durchmesser ca. Jahr 1955: 28cm (Zuordnung nicht gesichert)"
      },
      {
        "timestamp": "2019-01-14T12:23:19Z",
        "version": 2,
        "note": "circumference December 2018: 1.3m  diameter ca. 1955: 28cm "
      },
      {
        "timestamp": "2019-01-14T21:07:36Z",
        "version": 3,
        "note": "circumference December 2018: 1.3m (M. Dick) circumference 2011: 1.27m (H. Polt) diameter ca. 1955: 28cm "
      },
      {
        "timestamp": "2019-04-11T20:17:18Z",
        "version": 4,
        "note": "circumference December 2018: 1.3m (M. Dick) circumference 2011: 127cm (H. Polt) \ndiameter ca. 1955: 35cm (W. Plattner NGBL)"
      },
      {
        "timestamp": "2019-04-11T20:23:31Z",
        "version": 5,
        "note": "circumference December 2018: 1.3m\ncircumference 2011: 127cm (H. Polt) \ndiameter ca. 1955: 35cm (W. Plattner NGBL)"
      },
      {
        "timestamp": "2019-09-13T19:39:00Z",
        "version": 6,
        "note": "September 2019: no fruits\ncircumference December 2018: 1.3m\ncircumference 2011: 127cm (H. Polt) \ndiameter ca. 1955: 35cm (W. Plattner NGBL)"
      },
      {
        "timestamp": "2020-09-04T20:34:51Z",
        "version": 7,
        "note": "September 2019: no fruits, August 2020 with fruits\ncircumference December 2018: 1.3m\ncircumference 2011: 127cm (H. Polt) \ndiameter ca. 1955: 35cm (W. Plattner NGBL)",
        "species": "Sorbus domestica",
        "species:de": "Speierling"
      },
      {
        "timestamp": "2024-12-25T23:42:39Z",
        "version": 8,
        "propagation": "natural"
      }
    ]
  },
  "geometry": {
    "type": "Point",
    "coordinates": [
      7.6245081,
      47.505418,
      390
    ]
  }
}


{
  "type": "Feature",
  "id": "node/6166873274",
  "properties": {
    "history": [
      {
        "type": "node",
        "id": 6166873274,
        "lat": 47.505418,
        "lon": 7.6245081,
        "timestamp": "2018-12-27T20:11:07Z",
        "version": 1,
        "changeset": 65823834,
        "user": "martindick56",
        "uid": 2814669,
        "tags": {
          "circumference": "1.30",
          "denotation": "natural_monument",
          "genus": "Sorbus domestica",
          "genus:de": "Speierling",
          "leaf_cycle": "deciduous",
          "leaf_type": "broadleaved",
          "natural": "tree",
          "note": "Dezember 2018 / Durchmesser ca. Jahr 1955: 28cm (Zuordnung nicht gesichert)"
        }
      },
      {
        "type": "node",
        "id": 6166873274,
        "lat": 47.505418,
        "lon": 7.6245081,
        "timestamp": "2019-01-14T12:23:19Z",
        "version": 2,
        "changeset": 66300092,
        "user": "martindick56",
        "uid": 2814669,
        "tags": {
          "circumference": "1.30",
          "denotation": "natural_monument",
          "genus": "Sorbus domestica",
          "genus:de": "Speierling",
          "leaf_cycle": "deciduous",
          "leaf_type": "broadleaved",
          "natural": "tree",
          "note": "circumference December 2018: 1.3m  diameter ca. 1955: 28cm "
        }
      },
      {
        "type": "node",
        "id": 6166873274,
        "lat": 47.505418,
        "lon": 7.6245081,
        "timestamp": "2019-01-14T21:07:36Z",
        "version": 3,
        "changeset": 66314484,
        "user": "martindick56",
        "uid": 2814669,
        "tags": {
          "circumference": "1.30",
          "denotation": "natural_monument",
          "genus": "Sorbus domestica",
          "genus:de": "Speierling",
          "leaf_cycle": "deciduous",
          "leaf_type": "broadleaved",
          "natural": "tree",
          "note": "circumference December 2018: 1.3m (M. Dick) circumference 2011: 1.27m (H. Polt) diameter ca. 1955: 28cm "
        }
      },
      {
        "type": "node",
        "id": 6166873274,
        "lat": 47.505418,
        "lon": 7.6245081,
        "timestamp": "2019-04-11T20:17:18Z",
        "version": 4,
        "changeset": 69131187,
        "user": "martindick56",
        "uid": 2814669,
        "tags": {
          "circumference": "1.30",
          "denotation": "natural_monument",
          "genus": "Sorbus domestica",
          "genus:de": "Speierling",
          "leaf_cycle": "deciduous",
          "leaf_type": "broadleaved",
          "natural": "tree",
          "note": "circumference December 2018: 1.3m (M. Dick) circumference 2011: 127cm (H. Polt) \ndiameter ca. 1955: 35cm (W. Plattner NGBL)"
        }
      },
      {
        "type": "node",
        "id": 6166873274,
        "lat": 47.505418,
        "lon": 7.6245081,
        "timestamp": "2019-04-11T20:23:31Z",
        "version": 5,
        "changeset": 69131342,
        "user": "martindick56",
        "uid": 2814669,
        "tags": {
          "circumference": "1.30",
          "denotation": "natural_monument",
          "genus": "Sorbus domestica",
          "genus:de": "Speierling",
          "leaf_cycle": "deciduous",
          "leaf_type": "broadleaved",
          "natural": "tree",
          "note": "circumference December 2018: 1.3m\ncircumference 2011: 127cm (H. Polt) \ndiameter ca. 1955: 35cm (W. Plattner NGBL)"
        }
      },
      {
        "type": "node",
        "id": 6166873274,
        "lat": 47.505418,
        "lon": 7.6245081,
        "timestamp": "2019-09-13T19:39:00Z",
        "version": 6,
        "changeset": 74453138,
        "user": "martindick56",
        "uid": 2814669,
        "tags": {
          "circumference": "1.30",
          "denotation": "natural_monument",
          "genus": "Sorbus domestica",
          "genus:de": "Speierling",
          "leaf_cycle": "deciduous",
          "leaf_type": "broadleaved",
          "natural": "tree",
          "note": "September 2019: no fruits\ncircumference December 2018: 1.3m\ncircumference 2011: 127cm (H. Polt) \ndiameter ca. 1955: 35cm (W. Plattner NGBL)"
        }
      },
      {
        "type": "node",
        "id": 6166873274,
        "lat": 47.505418,
        "lon": 7.6245081,
        "timestamp": "2020-09-04T20:34:51Z",
        "version": 7,
        "changeset": 90432342,
        "user": "martindick56",
        "uid": 2814669,
        "tags": {
          "circumference": "1.30",
          "denotation": "natural_monument",
          "leaf_cycle": "deciduous",
          "leaf_type": "broadleaved",
          "natural": "tree",
          "note": "September 2019: no fruits, August 2020 with fruits\ncircumference December 2018: 1.3m\ncircumference 2011: 127cm (H. Polt) \ndiameter ca. 1955: 35cm (W. Plattner NGBL)",
          "species": "Sorbus domestica",
          "species:de": "Speierling"
        }
      },
      {
        "type": "node",
        "id": 6166873274,
        "lat": 47.505418,
        "lon": 7.6245081,
        "timestamp": "2024-12-25T23:42:39Z",
        "version": 8,
        "changeset": 160619544,
        "user": "bstotz",
        "uid": 1026237,
        "tags": {
          "circumference": "1.30",
          "denotation": "natural_monument",
          "leaf_cycle": "deciduous",
          "leaf_type": "broadleaved",
          "natural": "tree",
          "note": "September 2019: no fruits, August 2020 with fruits\ncircumference December 2018: 1.3m\ncircumference 2011: 127cm (H. Polt) \ndiameter ca. 1955: 35cm (W. Plattner NGBL)",
          "propagation": "natural",
          "species": "Sorbus domestica",
          "species:de": "Speierling"
        }
      }
    ]
  },
  "index": 178
}


get node/6166873274from osm
node/12110265491 could be updated from file
cache for node/12110265491 is outdated
{
  "type": "Feature",
  "id": "node/12110265491",
  "properties": {
    "type": "node",
    "id": "12110265491",
    "tags": {
      "circumference": "0.06",
      "height": "2.5",
      "leaf_cycle": "deciduous",
      "leaf_type": "broadleaved",
      "maintenance": "documentation",
      "natural": "tree",
      "note": "data: January 2025",
      "propagation": "planted",
      "source": "infoflora  3033822",
      "species": "Sorbus domestica",
      "species:de": "Speierling",
      "start_date": "2003",
      "survey:date": "2025-01-17"
    },
    "relations": [],
    "meta": {
      "timestamp": "2025-01-17T11:59:30Z",
      "version": "3",
      "changeset": "161452512",
      "user": "martindick56",
      "uid": "2814669"
    },
    "nominatim": {
      "address": {
        "town": "Küsnacht (ZH)",
        "county": "Bezirk Meilen",
        "state": "Zürich",
        "ISO3166-2-lvl4": "CH-ZH",
        "postcode": "8700",
        "country": "Schweiz/Suisse/Svizzera/Svizra",
        "country_code": "ch"
      },
      "display_name": "Küsnacht (ZH), Bezirk Meilen, Zürich, 8700, Schweiz/Suisse/Svizzera/Svizra"
    },
    "project": {
      "Node": 12110265491,
      "Check": "nein",
      "Kanton": "ZH",
      "PLZ": 8700,
      "Ort": "Küsnacht",
      "Gebiet": "PalmenrainOst",
      "Vermehrungstyp": "planted",
      "Herkunft": "",
      "Pflanzjahr": "",
      "Lat-WGS84": 47.319141,
      "Lon-WGS84": 8.604015,
      "CHY-LV95": 2688105,
      "CHX-LV95": 1241573,
      "BHU": "",
      "BHD": "",
      "Datum": "",
      "Hauptinfo": "Infoflora 3033822 Holderegger Rolf",
      "SEBA": "",
      "Erhaltungs-Plantage_Biel_Nr": "25m Abweichung",
      "DNA_Probe": "",
      "Fruechte": "",
      "Verluste_Erklaerung": "",
      "Reiser": "",
      "Bemerkung": "1 oder 2 Speierlinge  ->  abkläen",
      "line": 1324
    },
    "history": [
      {
        "timestamp": "2024-08-14T12:10:54Z",
        "version": 1,
        "leaf_cycle": "deciduous",
        "leaf_type": "broadleaved",
        "natural": "tree",
        "source": "infoflora  3033822",
        "species": "Sorbus domestica",
        "species:de": "Speierling"
      },
      {
        "timestamp": "2025-01-01T13:55:40Z",
        "version": 2,
        "propagation": "planted"
      }
    ]
  },
  "geometry": {
    "type": "Point",
    "coordinates": [
      8.604015,
      47.319132,
      1567.9794921875
    ]
  }
}


{
  "type": "Feature",
  "id": "node/12110265491",
  "properties": {
    "history": [
      {
        "type": "node",
        "id": 12110265491,
        "lat": 47.319132,
        "lon": 8.604015,
        "timestamp": "2024-08-14T12:10:54Z",
        "version": 1,
        "changeset": 155237181,
        "user": "martindick56",
        "uid": 2814669,
        "tags": {
          "leaf_cycle": "deciduous",
          "leaf_type": "broadleaved",
          "natural": "tree",
          "source": "infoflora  3033822",
          "species": "Sorbus domestica",
          "species:de": "Speierling"
        }
      },
      {
        "type": "node",
        "id": 12110265491,
        "lat": 47.319132,
        "lon": 8.604015,
        "timestamp": "2025-01-01T13:55:40Z",
        "version": 2,
        "changeset": 160863957,
        "user": "martindick56",
        "uid": 2814669,
        "tags": {
          "leaf_cycle": "deciduous",
          "leaf_type": "broadleaved",
          "natural": "tree",
          "propagation": "planted",
          "source": "infoflora  3033822",
          "species": "Sorbus domestica",
          "species:de": "Speierling"
        }
      }
    ]
  },
  "index": 1681
}


get node/12110265491from osm
node/12110291282 could be updated from file
cache for node/12110291282 is outdated
{
  "type": "Feature",
  "id": "node/12110291282",
  "properties": {
    "type": "node",
    "id": "12110291282",
    "tags": {
      "leaf_cycle": "deciduous",
      "leaf_type": "broadleaved",
      "maintenance": "documentation",
      "natural": "tree",
      "note": "data: January 2025, tree is probably dead",
      "propagation": "planted",
      "source": "infoflora  14555188",
      "species": "Sorbus domestica",
      "species:de": "Speierling",
      "start_date": "2003",
      "survey:date": "2025-01-17"
    },
    "relations": [],
    "meta": {
      "timestamp": "2025-01-17T12:06:07Z",
      "version": "3",
      "changeset": "161452736",
      "user": "martindick56",
      "uid": "2814669"
    },
    "nominatim": {
      "address": {
        "town": "Küsnacht (ZH)",
        "county": "Bezirk Meilen",
        "state": "Zürich",
        "ISO3166-2-lvl4": "CH-ZH",
        "postcode": "8700",
        "country": "Schweiz/Suisse/Svizzera/Svizra",
        "country_code": "ch"
      },
      "display_name": "Küsnacht (ZH), Bezirk Meilen, Zürich, 8700, Schweiz/Suisse/Svizzera/Svizra"
    },
    "project": {
      "Node": 12110291282,
      "Check": "nein",
      "Kanton": "ZH",
      "PLZ": 8700,
      "Ort": "Küsnacht",
      "Gebiet": "PalmenrainWest",
      "Vermehrungstyp": "planted",
      "Herkunft": "",
      "Pflanzjahr": "",
      "Lat-WGS84": 47.31916,
      "Lon-WGS84": 8.603857,
      "CHY-LV95": 2688093,
      "CHX-LV95": 1241575,
      "BHU": "",
      "BHD": "",
      "Datum": "",
      "Hauptinfo": "Infoflora 14555188 Holderegger Rolf",
      "SEBA": "",
      "Erhaltungs-Plantage_Biel_Nr": "25m Abweichung",
      "DNA_Probe": "",
      "Fruechte": "",
      "Verluste_Erklaerung": "",
      "Reiser": "",
      "Bemerkung": "1 oder 2 Speierlinge  ->  abkläen",
      "line": 1325
    },
    "history": [
      {
        "timestamp": "2024-08-14T12:16:20Z",
        "version": 1,
        "leaf_cycle": "deciduous",
        "leaf_type": "broadleaved",
        "natural": "tree",
        "source": "infoflora  14555188",
        "species": "Sorbus domestica",
        "species:de": "Stiel-Eiche"
      },
      {
        "timestamp": "2025-01-01T13:55:40Z",
        "version": 2,
        "propagation": "planted"
      }
    ]
  },
  "geometry": {
    "type": "Point",
    "coordinates": [
      8.603857,
      47.31916,
      1567.7587890625
    ]
  }
}


{
  "type": "Feature",
  "id": "node/12110291282",
  "properties": {
    "history": [
      {
        "type": "node",
        "id": 12110291282,
        "lat": 47.31916,
        "lon": 8.603857,
        "timestamp": "2024-08-14T12:16:20Z",
        "version": 1,
        "changeset": 155237436,
        "user": "martindick56",
        "uid": 2814669,
        "tags": {
          "leaf_cycle": "deciduous",
          "leaf_type": "broadleaved",
          "natural": "tree",
          "source": "infoflora  14555188",
          "species": "Sorbus domestica",
          "species:de": "Stiel-Eiche"
        }
      },
      {
        "type": "node",
        "id": 12110291282,
        "lat": 47.31916,
        "lon": 8.603857,
        "timestamp": "2025-01-01T13:55:40Z",
        "version": 2,
        "changeset": 160863957,
        "user": "martindick56",
        "uid": 2814669,
        "tags": {
          "leaf_cycle": "deciduous",
          "leaf_type": "broadleaved",
          "natural": "tree",
          "propagation": "planted",
          "source": "infoflora  14555188",
          "species": "Sorbus domestica",
          "species:de": "Stiel-Eiche"
        }
      }
    ]
  },
  "index": 1683
}


get node/12110291282from osm
node/12481831047 could be updated from file
cache for node/12481831047 is outdated
{
  "type": "Feature",
  "id": "node/12481831047",
  "properties": {
    "type": "node",
    "id": "12481831047",
    "tags": {
      "circumference": "0.03",
      "height": "0.35",
      "leaf_cycle": "deciduous",
      "leaf_type": "broadleaved",
      "natural": "tree",
      "note": "data: January 2025",
      "propagation": "seed",
      "source": "Arlesheim Chilchholz Gipfel Mitte",
      "species": "Sorbus domestica",
      "species:de": "Speierling",
      "start_date": "2023"
    },
    "relations": [],
    "meta": {
      "timestamp": "2025-01-12T21:56:19Z",
      "version": "4",
      "changeset": "161288962",
      "user": "martindick56",
      "uid": "2814669"
    },
    "nominatim": {
      "address": {
        "village": "Arlesheim",
        "county": "Bezirk Arlesheim",
        "state": "Basel-Landschaft",
        "ISO3166-2-lvl4": "CH-BL",
        "postcode": "4144",
        "country": "Schweiz/Suisse/Svizzera/Svizra",
        "country_code": "ch"
      },
      "display_name": "Arlesheim, Bezirk Arlesheim, Basel-Landschaft, 4144, Schweiz/Suisse/Svizzera/Svizra"
    },
    "pictures_url_prefix": "https://speierling.arglos.ch/node/12481831047/",
    "pictures": [
      "Arlesheim-Maettebuel02-01.jpg"
    ],
    "history": [
      {
        "timestamp": "2025-01-07T22:14:25Z",
        "version": 1,
        "circumference": "0.03",
        "height": "0.35",
        "leaf_cycle": "deciduous",
        "leaf_type": "broadleaved",
        "natural": "tree",
        "note": "data: January 2025",
        "propagation": "seed",
        "species": "Sorbus domestica",
        "species:de": "Speierling",
        "start_date": "2023"
      },
      {
        "timestamp": "2025-01-07T22:25:55Z",
        "version": 2,
        "source": "Arlesheim Chilchholz Gipfel MItte"
      }
    ]
  },
  "geometry": {
    "type": "Point",
    "coordinates": [
      7.6377547,
      47.4881442,
      738.276611328125
    ]
  }
}


{
  "type": "Feature",
  "id": "node/12481831047",
  "properties": {
    "history": [
      {
        "type": "node",
        "id": 12481831047,
        "lat": 47.48813,
        "lon": 7.6378,
        "timestamp": "2025-01-07T22:14:25Z",
        "version": 1,
        "changeset": 161113157,
        "user": "martindick56",
        "uid": 2814669,
        "tags": {
          "circumference": "0.03",
          "height": "0.35",
          "leaf_cycle": "deciduous",
          "leaf_type": "broadleaved",
          "natural": "tree",
          "note": "data: January 2025",
          "propagation": "seed",
          "species": "Sorbus domestica",
          "species:de": "Speierling",
          "start_date": "2023"
        }
      },
      {
        "type": "node",
        "id": 12481831047,
        "lat": 47.48813,
        "lon": 7.6378,
        "timestamp": "2025-01-07T22:25:55Z",
        "version": 2,
        "changeset": 161113410,
        "user": "martindick56",
        "uid": 2814669,
        "tags": {
          "circumference": "0.03",
          "height": "0.35",
          "leaf_cycle": "deciduous",
          "leaf_type": "broadleaved",
          "natural": "tree",
          "note": "data: January 2025",
          "propagation": "seed",
          "source": "Arlesheim Chilchholz Gipfel MItte",
          "species": "Sorbus domestica",
          "species:de": "Speierling",
          "start_date": "2023"
        }
      },
      {
        "type": "node",
        "id": 12481831047,
        "lat": 47.4881442,
        "lon": 7.6377547,
        "timestamp": "2025-01-12T11:07:40Z",
        "version": 3,
        "changeset": 161268312,
        "user": "martindick56",
        "uid": 2814669,
        "tags": {
          "circumference": "0.03",
          "height": "0.35",
          "leaf_cycle": "deciduous",
          "leaf_type": "broadleaved",
          "natural": "tree",
          "note": "data: January 2025",
          "propagation": "seed",
          "source": "Arlesheim Chilchholz Gipfel MItte",
          "species": "Sorbus domestica",
          "species:de": "Speierling",
          "start_date": "2023"
        }
      }
    ]
  },
  "index": 2030
}


get node/12481831047from osm
get node/12509792585from osm
get node/12509830589from osm
get node/12509835272from osm
ende
ende
